<?xml version="1.0" encoding="UTF-8"?>
<!-- Generated by org.testng.reporters.JUnitXMLReporter -->
<testsuite ignored="0" hostname="Lenovo" failures="0" tests="4" name="Test" time="59.059" errors="0" timestamp="2024-06-06T03:23:26 GMT-12:00">
  <testcase classname="org.test.Log2" name="launch" time="9.76"/>
  <testcase classname="org.test.Log" name="launch" time="9.81"/>
  <testcase classname="org.test.Log2" name="launch" time="2.104"/>
  <testcase classname="org.test.Log" name="launch" time="3.004"/>
</testsuite> <!-- Test -->
