<?xml version="1.0" encoding="UTF-8"?>
<testng-results ignored="0" total="4" passed="4" failed="0" skipped="0">
  <reporter-output>
  </reporter-output>
  <suite started-at="2024-06-06T03:22:27 GMT-12:00" name="Suite" finished-at="2024-06-06T03:23:26 GMT-12:00" duration-ms="59059">
    <groups>
    </groups>
    <test started-at="2024-06-06T03:22:27 GMT-12:00" name="Test" finished-at="2024-06-06T03:23:26 GMT-12:00" duration-ms="59059">
      <class name="org.test.Log2">
        <test-method is-config="true" signature="setExcel()[pri:0, instance:org.test.Log2@2d3379b4]" started-at="2024-06-06T03:22:27 GMT-12:00" name="setExcel" finished-at="2024-06-06T03:22:27 GMT-12:00" duration-ms="1" status="PASS">
          <reporter-output>
          </reporter-output>
        </test-method> <!-- setExcel -->
        <test-method is-config="true" signature="adactin()[pri:0, instance:org.test.Log2@2d3379b4]" started-at="2024-06-06T03:22:30 GMT-12:00" name="adactin" finished-at="2024-06-06T03:22:53 GMT-12:00" duration-ms="23079" status="PASS">
          <reporter-output>
          </reporter-output>
        </test-method> <!-- adactin -->
        <test-method signature="launch([Ljava.lang.String;)[pri:0, instance:org.test.Log2@2d3379b4]" started-at="2024-06-06T03:22:53 GMT-12:00" name="launch" data-provider="login" finished-at="2024-06-06T03:23:03 GMT-12:00" duration-ms="9760" status="PASS">
          <params>
            <param index="0">
              <value>
                <![CDATA[[Ljava.lang.String;@60015ef5]]>
              </value>
            </param>
          </params>
          <reporter-output>
          </reporter-output>
        </test-method> <!-- launch -->
        <test-method is-config="true" signature="closeApp()[pri:0, instance:org.test.Log2@2d3379b4]" started-at="2024-06-06T03:23:03 GMT-12:00" name="closeApp" finished-at="2024-06-06T03:23:04 GMT-12:00" duration-ms="1146" status="PASS">
          <reporter-output>
          </reporter-output>
        </test-method> <!-- closeApp -->
        <test-method is-config="true" signature="adactin()[pri:0, instance:org.test.Log2@2d3379b4]" started-at="2024-06-06T03:23:04 GMT-12:00" name="adactin" finished-at="2024-06-06T03:23:22 GMT-12:00" duration-ms="18188" status="PASS">
          <reporter-output>
          </reporter-output>
        </test-method> <!-- adactin -->
        <test-method signature="launch([Ljava.lang.String;)[pri:0, instance:org.test.Log2@2d3379b4]" started-at="2024-06-06T03:23:22 GMT-12:00" name="launch" data-provider="login" finished-at="2024-06-06T03:23:24 GMT-12:00" duration-ms="2104" status="PASS">
          <params>
            <param index="0">
              <value>
                <![CDATA[[Ljava.lang.String;@2f54a33d]]>
              </value>
            </param>
          </params>
          <reporter-output>
          </reporter-output>
        </test-method> <!-- launch -->
        <test-method is-config="true" signature="closeApp()[pri:0, instance:org.test.Log2@2d3379b4]" started-at="2024-06-06T03:23:24 GMT-12:00" name="closeApp" finished-at="2024-06-06T03:23:26 GMT-12:00" duration-ms="1616" status="PASS">
          <reporter-output>
          </reporter-output>
        </test-method> <!-- closeApp -->
      </class> <!-- org.test.Log2 -->
      <class name="org.test.Log">
        <test-method is-config="true" signature="setExcel()[pri:0, instance:org.test.Log@28701274]" started-at="2024-06-06T03:22:27 GMT-12:00" name="setExcel" finished-at="2024-06-06T03:22:27 GMT-12:00" duration-ms="15" status="PASS">
          <reporter-output>
          </reporter-output>
        </test-method> <!-- setExcel -->
        <test-method is-config="true" signature="adactin()[pri:0, instance:org.test.Log@28701274]" started-at="2024-06-06T03:22:30 GMT-12:00" name="adactin" finished-at="2024-06-06T03:22:53 GMT-12:00" duration-ms="23081" status="PASS">
          <reporter-output>
          </reporter-output>
        </test-method> <!-- adactin -->
        <test-method signature="launch([Ljava.lang.String;)[pri:0, instance:org.test.Log@28701274]" started-at="2024-06-06T03:22:53 GMT-12:00" name="launch" data-provider="login" finished-at="2024-06-06T03:23:03 GMT-12:00" duration-ms="9810" status="PASS">
          <params>
            <param index="0">
              <value>
                <![CDATA[[Ljava.lang.String;@55740540]]>
              </value>
            </param>
          </params>
          <reporter-output>
          </reporter-output>
        </test-method> <!-- launch -->
        <test-method is-config="true" signature="closeApp()[pri:0, instance:org.test.Log@28701274]" started-at="2024-06-06T03:23:03 GMT-12:00" name="closeApp" finished-at="2024-06-06T03:23:04 GMT-12:00" duration-ms="1137" status="PASS">
          <reporter-output>
          </reporter-output>
        </test-method> <!-- closeApp -->
        <test-method is-config="true" signature="adactin()[pri:0, instance:org.test.Log@28701274]" started-at="2024-06-06T03:23:04 GMT-12:00" name="adactin" finished-at="2024-06-06T03:23:22 GMT-12:00" duration-ms="18090" status="PASS">
          <reporter-output>
          </reporter-output>
        </test-method> <!-- adactin -->
        <test-method signature="launch([Ljava.lang.String;)[pri:0, instance:org.test.Log@28701274]" started-at="2024-06-06T03:23:22 GMT-12:00" name="launch" data-provider="login" finished-at="2024-06-06T03:23:25 GMT-12:00" duration-ms="3004" status="PASS">
          <params>
            <param index="0">
              <value>
                <![CDATA[[Ljava.lang.String;@37f1104d]]>
              </value>
            </param>
          </params>
          <reporter-output>
          </reporter-output>
        </test-method> <!-- launch -->
        <test-method is-config="true" signature="closeApp()[pri:0, instance:org.test.Log@28701274]" started-at="2024-06-06T03:23:25 GMT-12:00" name="closeApp" finished-at="2024-06-06T03:23:26 GMT-12:00" duration-ms="852" status="PASS">
          <reporter-output>
          </reporter-output>
        </test-method> <!-- closeApp -->
      </class> <!-- org.test.Log -->
    </test> <!-- Test -->
  </suite> <!-- Suite -->
</testng-results>
